app/build/outputs/logs/manifest-merger-debug-report.txt
-- Merging decision tree log ---
manifest
ADDED from src/main/AndroidManifest.xml:2:1-41:12
INJECTED from src/main/AndroidManifest.xml:2:1-41:12
INJECTED from src/main/AndroidManifest.xml:2:1-41:12
INJECTED from src/main/AndroidManifest.xml:2:1-41:12
INJECTED from src/main/AndroidManifest.xml:2:1-41:12
INJECTED from src/main/AndroidManifest.xml:2:1-41:12
INJECTED from src/main/AndroidManifest.xml:2:1-41:12
	package
		ADDED from src/main/AndroidManifest.xml:3:7-36
		INJECTED from src/main/AndroidManifest.xml
		INJECTED from src/main/AndroidManifest.xml
	android:versionName
		ADDED from src/main/AndroidManifest.xml:5:7-32
		INJECTED from src/main/AndroidManifest.xml
		INJECTED from src/main/AndroidManifest.xml
	xmlns:android
		ADDED from src/main/AndroidManifest.xml:2:11-69
	android:versionCode
		ADDED from src/main/AndroidManifest.xml:4:7-30
		INJECTED from src/main/AndroidManifest.xml
		INJECTED from src/main/AndroidManifest.xml
application
ADDED from src/main/AndroidManifest.xml:8:5-39:19
	android:label
		ADDED from src/main/AndroidManifest.xml:10:5-37
	android:icon
		ADDED from src/main/AndroidManifest.xml:9:5-34
activity#spirit.parttime.cat.ShowLogo
ADDED from src/main/AndroidManifest.xml:13:9-20:20
	android:screenOrientation
		ADDED from src/main/AndroidManifest.xml:14:19-56
	android:name
		ADDED from src/main/AndroidManifest.xml:13:19-43
intent-filter#android.intent.action.MAIN+android.intent.category.LAUNCHER
ADDED from src/main/AndroidManifest.xml:16:13-19:29
action#android.intent.action.MAIN
ADDED from src/main/AndroidManifest.xml:17:17-69
	android:name
		ADDED from src/main/AndroidManifest.xml:17:25-66
category#android.intent.category.LAUNCHER
ADDED from src/main/AndroidManifest.xml:18:17-77
	android:name
		ADDED from src/main/AndroidManifest.xml:18:27-74
activity#spirit.parttime.cat.Menu
ADDED from src/main/AndroidManifest.xml:21:3-24:20
	android:screenOrientation
		ADDED from src/main/AndroidManifest.xml:22:19-56
	android:name
		ADDED from src/main/AndroidManifest.xml:21:13-33
activity#spirit.parttime.cat.Game
ADDED from src/main/AndroidManifest.xml:25:9-28:20
	android:screenOrientation
		ADDED from src/main/AndroidManifest.xml:26:19-56
	android:name
		ADDED from src/main/AndroidManifest.xml:25:19-39
activity#spirit.parttime.cat.GameMenu
ADDED from src/main/AndroidManifest.xml:29:10-33:20
	android:screenOrientation
		ADDED from src/main/AndroidManifest.xml:31:19-56
	android:theme
		ADDED from src/main/AndroidManifest.xml:30:19-78
	android:name
		ADDED from src/main/AndroidManifest.xml:29:20-44
activity#spirit.parttime.cat.MessageActivity
ADDED from src/main/AndroidManifest.xml:34:10-38:20
	android:screenOrientation
		ADDED from src/main/AndroidManifest.xml:36:19-56
	android:theme
		ADDED from src/main/AndroidManifest.xml:35:19-78
	android:name
		ADDED from src/main/AndroidManifest.xml:34:20-51
supports-screens
ADDED from src/main/AndroidManifest.xml:40:5-51
	android:anyDensity
		ADDED from src/main/AndroidManifest.xml:40:23-48
uses-sdk
INJECTED from src/main/AndroidManifest.xml reason: use-sdk injection requested
INJECTED from src/main/AndroidManifest.xml
INJECTED from src/main/AndroidManifest.xml
INJECTED from src/main/AndroidManifest.xml
INJECTED from src/main/AndroidManifest.xml
	android:targetSdkVersion
		INJECTED from src/main/AndroidManifest.xml
		ADDED from src/main/AndroidManifest.xml
		INJECTED from src/main/AndroidManifest.xml
	android:minSdkVersion
		INJECTED from src/main/AndroidManifest.xml
		ADDED from src/main/AndroidManifest.xml
		INJECTED from src/main/AndroidManifest.xml